2022-07-06 17:48:51,281. INFO: YAML File : Input/test.yml
2022-07-06 17:48:51,281. INFO: Source Catalogue: /home/gabriele/Documents/gammapy/LCsim/archives/GBM_bursts.fits
2022-07-06 17:48:51,282. INFO: Requested Transient Name: GRB160530667
2022-07-06 17:48:51,282. INFO: Output Directory: /home/gabriele/Documents/gammapy/LCsim/Output/GRB160530667/GBMs_b0_200ms_250_10000_keV/run77/
2022-07-06 17:48:51,283. INFO: Trigger Time (format=iso): 2016-05-30 16:01:11.828
2022-07-06 17:48:51,286. INFO: Pointing Direction: <SkyCoord (FK5: equinox=J2000.000): (ra, dec) in deg
    (133.48, 43.48)>
2022-07-06 17:48:51,286. INFO: MapAxis

	name       : offset    
	unit       : 'deg'     
	nbins      : 5         
	node type  : edges     
	edges min  : 0.0e+00 deg
	edges max  : 5.0e+00 deg
	interp     : lin       

2022-07-06 17:48:51,286. INFO: MapAxis

	name       : fov_lon   
	unit       : 'deg'     
	nbins      : 5         
	node type  : edges     
	edges min  : -2.5e+00 deg
	edges max  : 2.5e+00 deg
	interp     : lin       

2022-07-06 17:48:51,287. INFO: MapAxis

	name       : fov_lat   
	unit       : 'deg'     
	nbins      : 5         
	node type  : edges     
	edges min  : -2.5e+00 deg
	edges max  : 2.5e+00 deg
	interp     : lin       

2022-07-06 17:48:51,292. INFO: Number of Observations: 124
2022-07-06 17:48:51,292. INFO: Observation start: 2016-05-30 16:01:06.828
2022-07-06 17:48:51,292. INFO: Observation livetime: 0.20161290322580605 s
2022-07-06 17:48:51,292. ERROR: Functions for instrument GBMs not implemented. Accepted: GBM, COSI.
